   1              		.cpu arm7tdmi
   2              		.fpu softvfp
   3              		.eabi_attribute 20, 1
   4              		.eabi_attribute 21, 1
   5              		.eabi_attribute 23, 3
   6              		.eabi_attribute 24, 1
   7              		.eabi_attribute 25, 1
   8              		.eabi_attribute 26, 1
   9              		.eabi_attribute 30, 6
  10              		.eabi_attribute 18, 4
  11              		.file	"button.c"
  21              	.Ltext0:
  22              		.file 1 "../button.c"
 1928              		.align	2
 1929              		.global	Eint4567_init
 1931              	Eint4567_init:
 1932              	.LFB0:
   1:../button.c   **** #include "44b.h"
   2:../button.c   **** #include "def.h"
   3:../button.c   **** #include "common_types.h"
   4:../button.c   **** 
   5:../button.c   **** void Eint4567_ISR(void) __attribute__ ((interrupt ("IRQ")));
   6:../button.c   **** void Eint4567_init(void);
   7:../button.c   **** extern int button_no_pressed();
   8:../button.c   **** 
   9:../button.c   **** extern luz;
  10:../button.c   **** extern st;
  11:../button.c   **** 
  12:../button.c   **** extern dir;
  13:../button.c   **** extern dato;
  14:../button.c   **** extern kread;
  15:../button.c   **** 
  16:../button.c   **** uint8 dirtmp;
  17:../button.c   **** 
  18:../button.c   **** void Eint4567_init(void) {
 1933              		.loc 1 18 0
 1934              		.cfi_startproc
 1935              		@ Function supports interworking.
 1936              		@ args = 0, pretend = 0, frame = 0
 1937              		@ frame_needed = 1, uses_anonymous_args = 0
 1938 0000 0DC0A0E1 		mov	ip, sp
 1939              	.LCFI0:
 1940              		.cfi_def_cfa_register 12
 1941 0004 00D82DE9 		stmfd	sp!, {fp, ip, lr, pc}
 1942 0008 04B04CE2 		sub	fp, ip, #4
 1943              		.cfi_offset 14, -8
 1944              		.cfi_offset 13, -12
 1945              		.cfi_offset 11, -16
 1946              	.LCFI1:
 1947              		.cfi_def_cfa 11, 4
  19:../button.c   **** 	/* Configuracion del controlador de interrupciones */
  20:../button.c   **** 		//Borrar interrupciones pendientes.
  21:../button.c   **** 		rI_ISPC = BIT_EINT4567;
 1948              		.loc 1 21 0
 1949 000c 74309FE5 		ldr	r3, .L2
 1950 0010 0226A0E3 		mov	r2, #2097152
 1951 0014 002083E5 		str	r2, [r3, #0]
  22:../button.c   **** 		rEXTINTPND = 0xf;
 1952              		.loc 1 22 0
 1953 0018 6C309FE5 		ldr	r3, .L2+4
 1954 001c 0F20A0E3 		mov	r2, #15
 1955 0020 002083E5 		str	r2, [r3, #0]
  23:../button.c   **** 
  24:../button.c   **** 		// Establecer la rutina de servicio para Eint4567
  25:../button.c   **** 	    pISR_EINT4567 = (unsigned)Eint4567_ISR;
 1956              		.loc 1 25 0
 1957 0024 64309FE5 		ldr	r3, .L2+8
 1958 0028 64209FE5 		ldr	r2, .L2+12
 1959 002c 002083E5 		str	r2, [r3, #0]
  26:../button.c   **** 
  27:../button.c   **** 	/* Configuracion del puerto G */
  28:../button.c   **** 		// Establece la funcion de los pines (EINT7-EINT0)
  29:../button.c   **** 		rPCONG = rPCONG | (0xF000);
 1960              		.loc 1 29 0
 1961 0030 60309FE5 		ldr	r3, .L2+16
 1962 0034 5C209FE5 		ldr	r2, .L2+16
 1963 0038 002092E5 		ldr	r2, [r2, #0]
 1964 003c 0F2A82E3 		orr	r2, r2, #61440
 1965 0040 002083E5 		str	r2, [r3, #0]
  30:../button.c   **** 
  31:../button.c   **** 		//Habilita las resistencias de pull-up
  32:../button.c   **** 		rPUPG = 0x0;
 1966              		.loc 1 32 0
 1967 0044 50309FE5 		ldr	r3, .L2+20
 1968 0048 0020A0E3 		mov	r2, #0
 1969 004c 002083E5 		str	r2, [r3, #0]
  33:../button.c   **** 
  34:../button.c   **** 		// Configura las lineas de int. como de flanco de bajada mediante EXTINT
  35:../button.c   **** 		rEXTINT = rEXTINT | 0x33000000;
 1970              		.loc 1 35 0
 1971 0050 48309FE5 		ldr	r3, .L2+24
 1972 0054 44209FE5 		ldr	r2, .L2+24
 1973 0058 002092E5 		ldr	r2, [r2, #0]
 1974 005c 332482E3 		orr	r2, r2, #855638016
 1975 0060 002083E5 		str	r2, [r3, #0]
  36:../button.c   **** 
  37:../button.c   **** 	/* Por precaucion, se vuelven a borrar los bits de INTPND y EXTINTPND */
  38:../button.c   **** 	    rEXTINTPND = 0xf;
 1976              		.loc 1 38 0
 1977 0064 20309FE5 		ldr	r3, .L2+4
 1978 0068 0F20A0E3 		mov	r2, #15
 1979 006c 002083E5 		str	r2, [r3, #0]
  39:../button.c   **** 	    rI_ISPC = BIT_EINT4567;
 1980              		.loc 1 39 0
 1981 0070 10309FE5 		ldr	r3, .L2
 1982 0074 0226A0E3 		mov	r2, #2097152
 1983 0078 002083E5 		str	r2, [r3, #0]
  40:../button.c   **** }
 1984              		.loc 1 40 0
 1985 007c 0CD04BE2 		sub	sp, fp, #12
 1986 0080 00689DE8 		ldmfd	sp, {fp, sp, lr}
 1987 0084 1EFF2FE1 		bx	lr
 1988              	.L3:
 1989              		.align	2
 1990              	.L2:
 1991 0088 2400E001 		.word	31457316
 1992 008c 5400D201 		.word	30539860
 1993 0090 74FF7F0C 		.word	209715060
 1994 0094 00000000 		.word	Eint4567_ISR
 1995 0098 4000D201 		.word	30539840
 1996 009c 4800D201 		.word	30539848
 1997 00a0 5000D201 		.word	30539856
 1998              		.cfi_endproc
 1999              	.LFE0:
 2001              		.align	2
 2002              		.global	Eint4567_ISR
 2004              	Eint4567_ISR:
 2005              	.LFB1:
  41:../button.c   **** 
  42:../button.c   **** 
  43:../button.c   **** void Eint4567_ISR(void)
  44:../button.c   **** {
 2006              		.loc 1 44 0
 2007              		.cfi_startproc
 2008              		@ Interrupt Service Routine.
 2009              		@ args = 0, pretend = 0, frame = 8
 2010              		@ frame_needed = 1, uses_anonymous_args = 0
 2011 00a4 04C02DE5 		str	ip, [sp, #-4]!
 2012 00a8 0DC0A0E1 		mov	ip, sp
 2013              	.LCFI2:
 2014              		.cfi_def_cfa_register 12
 2015 00ac 0FD82DE9 		stmfd	sp!, {r0, r1, r2, r3, fp, ip, lr, pc}
 2016 00b0 04B04CE2 		sub	fp, ip, #4
 2017              		.cfi_offset 14, -8
 2018              		.cfi_offset 13, -12
 2019              		.cfi_offset 11, -16
 2020              		.cfi_offset 3, -20
 2021              		.cfi_offset 2, -24
 2022              		.cfi_offset 1, -28
 2023              		.cfi_offset 0, -32
 2024              	.LCFI3:
 2025              		.cfi_def_cfa 11, 4
 2026 00b4 08D04DE2 		sub	sp, sp, #8
  45:../button.c   **** 	while(button_no_pressed() != 0);
 2027              		.loc 1 45 0
 2028 00b8 0000A0E1 		mov	r0, r0	@ nop
 2029              	.L5:
 2030              		.loc 1 45 0 is_stmt 0 discriminator 1
 2031 00bc FEFFFFEB 		bl	button_no_pressed
 2032 00c0 0030A0E1 		mov	r3, r0
 2033 00c4 000053E3 		cmp	r3, #0
 2034 00c8 FBFFFF1A 		bne	.L5
  46:../button.c   **** 
  47:../button.c   **** 	int pulsado = rEXTINTPND & 0xC;
 2035              		.loc 1 47 0 is_stmt 1
 2036 00cc 10319FE5 		ldr	r3, .L10
 2037 00d0 003093E5 		ldr	r3, [r3, #0]
 2038 00d4 0C3003E2 		and	r3, r3, #12
 2039 00d8 20300BE5 		str	r3, [fp, #-32]
  48:../button.c   **** 
  49:../button.c   **** 
  50:../button.c   **** 	if(pulsado == 4){ //izq
 2040              		.loc 1 50 0
 2041 00dc 20301BE5 		ldr	r3, [fp, #-32]
 2042 00e0 040053E3 		cmp	r3, #4
 2043 00e4 1A00001A 		bne	.L6
  51:../button.c   **** 		if(st==4 || st == 5 || kread!=-1){
 2044              		.loc 1 51 0
 2045 00e8 F8309FE5 		ldr	r3, .L10+4
 2046 00ec 003093E5 		ldr	r3, [r3, #0]
 2047 00f0 040053E3 		cmp	r3, #4
 2048 00f4 0700000A 		beq	.L7
 2049              		.loc 1 51 0 is_stmt 0 discriminator 1
 2050 00f8 E8309FE5 		ldr	r3, .L10+4
 2051 00fc 003093E5 		ldr	r3, [r3, #0]
 2052 0100 050053E3 		cmp	r3, #5
 2053 0104 0300000A 		beq	.L7
 2054 0108 DC309FE5 		ldr	r3, .L10+8
 2055 010c 003093E5 		ldr	r3, [r3, #0]
 2056 0110 010073E3 		cmn	r3, #1
 2057 0114 1400000A 		beq	.L8
 2058              	.L7:
  52:../button.c   **** 			st=(st+1)%6;
 2059              		.loc 1 52 0 is_stmt 1
 2060 0118 C8309FE5 		ldr	r3, .L10+4
 2061 011c 003093E5 		ldr	r3, [r3, #0]
 2062 0120 011083E2 		add	r1, r3, #1
 2063 0124 C4309FE5 		ldr	r3, .L10+12
 2064 0128 9301C2E0 		smull	r0, r2, r3, r1
 2065 012c C13FA0E1 		mov	r3, r1, asr #31
 2066 0130 022063E0 		rsb	r2, r3, r2
 2067 0134 0230A0E1 		mov	r3, r2
 2068 0138 8330A0E1 		mov	r3, r3, asl #1
 2069 013c 023083E0 		add	r3, r3, r2
 2070 0140 8330A0E1 		mov	r3, r3, asl #1
 2071 0144 012063E0 		rsb	r2, r3, r1
 2072 0148 98309FE5 		ldr	r3, .L10+4
 2073 014c 002083E5 		str	r2, [r3, #0]
 2074 0150 050000EA 		b	.L8
 2075              	.L6:
  53:../button.c   **** 		}
  54:../button.c   **** 	} else if(pulsado==8){ //dcha
 2076              		.loc 1 54 0
 2077 0154 20301BE5 		ldr	r3, [fp, #-32]
 2078 0158 080053E3 		cmp	r3, #8
 2079 015c 0200001A 		bne	.L8
  55:../button.c   **** 		st = 6;
 2080              		.loc 1 55 0
 2081 0160 80309FE5 		ldr	r3, .L10+4
 2082 0164 0620A0E3 		mov	r2, #6
 2083 0168 002083E5 		str	r2, [r3, #0]
 2084              	.L8:
  56:../button.c   **** 	}
  57:../button.c   **** 	if(st != 6)
 2085              		.loc 1 57 0
 2086 016c 74309FE5 		ldr	r3, .L10+4
 2087 0170 003093E5 		ldr	r3, [r3, #0]
 2088 0174 060053E3 		cmp	r3, #6
 2089 0178 0D00000A 		beq	.L9
  58:../button.c   **** 		D8Led_symbol((st+1)%6);
 2090              		.loc 1 58 0
 2091 017c 64309FE5 		ldr	r3, .L10+4
 2092 0180 003093E5 		ldr	r3, [r3, #0]
 2093 0184 011083E2 		add	r1, r3, #1
 2094 0188 60309FE5 		ldr	r3, .L10+12
 2095 018c 9301C2E0 		smull	r0, r2, r3, r1
 2096 0190 C13FA0E1 		mov	r3, r1, asr #31
 2097 0194 022063E0 		rsb	r2, r3, r2
 2098 0198 0230A0E1 		mov	r3, r2
 2099 019c 8330A0E1 		mov	r3, r3, asl #1
 2100 01a0 023083E0 		add	r3, r3, r2
 2101 01a4 8330A0E1 		mov	r3, r3, asl #1
 2102 01a8 012063E0 		rsb	r2, r3, r1
 2103 01ac 0200A0E1 		mov	r0, r2
 2104 01b0 FEFFFFEB 		bl	D8Led_symbol
 2105              	.L9:
  59:../button.c   **** 
  60:../button.c   **** 	//Delay para eliminar rebotes
  61:../button.c   **** 	DelayMs(100);
 2106              		.loc 1 61 0
 2107 01b4 6400A0E3 		mov	r0, #100
 2108 01b8 FEFFFFEB 		bl	DelayMs
  62:../button.c   **** 
  63:../button.c   **** 	/*Atendemos interrupciones*/
  64:../button.c   **** 	//Borramos EXTINTPND ambas líneas EINT7 y EINT6
  65:../button.c   **** 	rEXTINTPND = 0xf; //((1<<2) | (1<<3));
 2109              		.loc 1 65 0
 2110 01bc 20309FE5 		ldr	r3, .L10
 2111 01c0 0F20A0E3 		mov	r2, #15
 2112 01c4 002083E5 		str	r2, [r3, #0]
  66:../button.c   **** 
  67:../button.c   **** 	//Borramos INTPND usando ISPC
  68:../button.c   **** 	rI_ISPC = BIT_EINT4567;
 2113              		.loc 1 68 0
 2114 01c8 24309FE5 		ldr	r3, .L10+16
 2115 01cc 0226A0E3 		mov	r2, #2097152
 2116 01d0 002083E5 		str	r2, [r3, #0]
  69:../button.c   **** }
 2117              		.loc 1 69 0
 2118 01d4 1CD04BE2 		sub	sp, fp, #28
 2119 01d8 0F689DE8 		ldmfd	sp, {r0, r1, r2, r3, fp, sp, lr}
 2120 01dc 04C09DE4 		ldmfd	sp!, {ip}
 2121 01e0 04F05EE2 		subs	pc, lr, #4
 2122              	.L11:
 2123              		.align	2
 2124              	.L10:
 2125 01e4 5400D201 		.word	30539860
 2126 01e8 00000000 		.word	st
 2127 01ec 00000000 		.word	kread
 2128 01f0 ABAAAA2A 		.word	715827883
 2129 01f4 2400E001 		.word	31457316
 2130              		.cfi_endproc
 2131              	.LFE1:
 2133              		.align	2
 2134              		.global	Eint4567_activar
 2136              	Eint4567_activar:
 2137              	.LFB2:
  70:../button.c   **** 
  71:../button.c   **** 
  72:../button.c   **** void Eint4567_activar(void){
 2138              		.loc 1 72 0
 2139              		.cfi_startproc
 2140              		@ Function supports interworking.
 2141              		@ args = 0, pretend = 0, frame = 0
 2142              		@ frame_needed = 1, uses_anonymous_args = 0
 2143 01f8 0DC0A0E1 		mov	ip, sp
 2144              	.LCFI4:
 2145              		.cfi_def_cfa_register 12
 2146 01fc 00D82DE9 		stmfd	sp!, {fp, ip, lr, pc}
 2147 0200 04B04CE2 		sub	fp, ip, #4
 2148              		.cfi_offset 14, -8
 2149              		.cfi_offset 13, -12
 2150              		.cfi_offset 11, -16
 2151              	.LCFI5:
 2152              		.cfi_def_cfa 11, 4
  73:../button.c   **** 	//borrar interrupciones pendientes
  74:../button.c   **** 	rEXTINTPND = 0xf;
 2153              		.loc 1 74 0
 2154 0204 48309FE5 		ldr	r3, .L13
 2155 0208 0F20A0E3 		mov	r2, #15
 2156 020c 002083E5 		str	r2, [r3, #0]
  75:../button.c   **** 	rI_ISPC = BIT_EINT4567;
 2157              		.loc 1 75 0
 2158 0210 40309FE5 		ldr	r3, .L13+4
 2159 0214 0226A0E3 		mov	r2, #2097152
 2160 0218 002083E5 		str	r2, [r3, #0]
  76:../button.c   **** 
  77:../button.c   **** 	//enmascarar la linea de interrupcion
  78:../button.c   **** 	rINTMSK = rINTMSK & ~( BIT_EINT4567 );
 2161              		.loc 1 78 0
 2162 021c 38309FE5 		ldr	r3, .L13+8
 2163 0220 34209FE5 		ldr	r2, .L13+8
 2164 0224 002092E5 		ldr	r2, [r2, #0]
 2165 0228 0226C2E3 		bic	r2, r2, #2097152
 2166 022c 002083E5 		str	r2, [r3, #0]
  79:../button.c   **** 
  80:../button.c   **** 	//borrar interrupciones pendientes
  81:../button.c   **** 	rEXTINTPND = 0xf;
 2167              		.loc 1 81 0
 2168 0230 1C309FE5 		ldr	r3, .L13
 2169 0234 0F20A0E3 		mov	r2, #15
 2170 0238 002083E5 		str	r2, [r3, #0]
  82:../button.c   **** 	rI_ISPC = BIT_EINT4567;
 2171              		.loc 1 82 0
 2172 023c 14309FE5 		ldr	r3, .L13+4
 2173 0240 0226A0E3 		mov	r2, #2097152
 2174 0244 002083E5 		str	r2, [r3, #0]
  83:../button.c   **** }
 2175              		.loc 1 83 0
 2176 0248 0CD04BE2 		sub	sp, fp, #12
 2177 024c 00689DE8 		ldmfd	sp, {fp, sp, lr}
 2178 0250 1EFF2FE1 		bx	lr
 2179              	.L14:
 2180              		.align	2
 2181              	.L13:
 2182 0254 5400D201 		.word	30539860
 2183 0258 2400E001 		.word	31457316
 2184 025c 0C00E001 		.word	31457292
 2185              		.cfi_endproc
 2186              	.LFE2:
 2188              		.align	2
 2189              		.global	Eint4567_desactivar
 2191              	Eint4567_desactivar:
 2192              	.LFB3:
  84:../button.c   **** 
  85:../button.c   **** 
  86:../button.c   **** void Eint4567_desactivar(void){
 2193              		.loc 1 86 0
 2194              		.cfi_startproc
 2195              		@ Function supports interworking.
 2196              		@ args = 0, pretend = 0, frame = 0
 2197              		@ frame_needed = 1, uses_anonymous_args = 0
 2198 0260 0DC0A0E1 		mov	ip, sp
 2199              	.LCFI6:
 2200              		.cfi_def_cfa_register 12
 2201 0264 00D82DE9 		stmfd	sp!, {fp, ip, lr, pc}
 2202 0268 04B04CE2 		sub	fp, ip, #4
 2203              		.cfi_offset 14, -8
 2204              		.cfi_offset 13, -12
 2205              		.cfi_offset 11, -16
 2206              	.LCFI7:
 2207              		.cfi_def_cfa 11, 4
  87:../button.c   **** 	//desenmarcarar la linea de interrupcion
  88:../button.c   **** 	rINTMSK = rINTMSK | BIT_EINT4567;
 2208              		.loc 1 88 0
 2209 026c 30309FE5 		ldr	r3, .L16
 2210 0270 2C209FE5 		ldr	r2, .L16
 2211 0274 002092E5 		ldr	r2, [r2, #0]
 2212 0278 022682E3 		orr	r2, r2, #2097152
 2213 027c 002083E5 		str	r2, [r3, #0]
  89:../button.c   **** 
  90:../button.c   **** 	//borrar interrupciones pendientes
  91:../button.c   **** 	rEXTINTPND = 0xf;
 2214              		.loc 1 91 0
 2215 0280 20309FE5 		ldr	r3, .L16+4
 2216 0284 0F20A0E3 		mov	r2, #15
 2217 0288 002083E5 		str	r2, [r3, #0]
  92:../button.c   **** 	rI_ISPC = BIT_EINT4567;
 2218              		.loc 1 92 0
 2219 028c 18309FE5 		ldr	r3, .L16+8
 2220 0290 0226A0E3 		mov	r2, #2097152
 2221 0294 002083E5 		str	r2, [r3, #0]
  93:../button.c   **** }
 2222              		.loc 1 93 0
 2223 0298 0CD04BE2 		sub	sp, fp, #12
 2224 029c 00689DE8 		ldmfd	sp, {fp, sp, lr}
 2225 02a0 1EFF2FE1 		bx	lr
 2226              	.L17:
 2227              		.align	2
 2228              	.L16:
 2229 02a4 0C00E001 		.word	31457292
 2230 02a8 5400D201 		.word	30539860
 2231 02ac 2400E001 		.word	31457316
 2232              		.cfi_endproc
 2233              	.LFE3:
 2235              		.align	2
 2236              		.global	button_no_pressed
 2238              	button_no_pressed:
 2239              	.LFB4:
  94:../button.c   **** 
  95:../button.c   **** 
  96:../button.c   **** int button_no_pressed(){
 2240              		.loc 1 96 0
 2241              		.cfi_startproc
 2242              		@ Function supports interworking.
 2243              		@ args = 0, pretend = 0, frame = 8
 2244              		@ frame_needed = 1, uses_anonymous_args = 0
 2245 02b0 0DC0A0E1 		mov	ip, sp
 2246              	.LCFI8:
 2247              		.cfi_def_cfa_register 12
 2248 02b4 00D82DE9 		stmfd	sp!, {fp, ip, lr, pc}
 2249 02b8 04B04CE2 		sub	fp, ip, #4
 2250              		.cfi_offset 14, -8
 2251              		.cfi_offset 13, -12
 2252              		.cfi_offset 11, -16
 2253              	.LCFI9:
 2254              		.cfi_def_cfa 11, 4
 2255 02bc 08D04DE2 		sub	sp, sp, #8
  97:../button.c   **** 	UINT r = ~ ( rPDATG | ~ 0xC0 );
 2256              		.loc 1 97 0
 2257 02c0 30309FE5 		ldr	r3, .L19
 2258 02c4 003093E5 		ldr	r3, [r3, #0]
 2259 02c8 0330E0E1 		mvn	r3, r3
 2260 02cc C03003E2 		and	r3, r3, #192
 2261 02d0 0330E0E1 		mvn	r3, r3
 2262 02d4 0330E0E1 		mvn	r3, r3
 2263 02d8 10300BE5 		str	r3, [fp, #-16]
  98:../button.c   **** 	DelayMs(100);
 2264              		.loc 1 98 0
 2265 02dc 6400A0E3 		mov	r0, #100
 2266 02e0 FEFFFFEB 		bl	DelayMs
  99:../button.c   **** 	return r;
 2267              		.loc 1 99 0
 2268 02e4 10301BE5 		ldr	r3, [fp, #-16]
 100:../button.c   **** }
 2269              		.loc 1 100 0
 2270 02e8 0300A0E1 		mov	r0, r3
 2271 02ec 0CD04BE2 		sub	sp, fp, #12
 2272 02f0 00689DE8 		ldmfd	sp, {fp, sp, lr}
 2273 02f4 1EFF2FE1 		bx	lr
 2274              	.L20:
 2275              		.align	2
 2276              	.L19:
 2277 02f8 4400D201 		.word	30539844
 2278              		.cfi_endproc
 2279              	.LFE4:
 2281              	.Letext0:
DEFINED SYMBOLS
                            *ABS*:00000000 button.c
                            *COM*:00000001 dirtmp
C:\Users\USUARI~1\AppData\Local\Temp\ccbN7n36.s:1928   .text:00000000 $a
C:\Users\USUARI~1\AppData\Local\Temp\ccbN7n36.s:1931   .text:00000000 Eint4567_init
C:\Users\USUARI~1\AppData\Local\Temp\ccbN7n36.s:1991   .text:00000088 $d
C:\Users\USUARI~1\AppData\Local\Temp\ccbN7n36.s:2004   .text:000000a4 Eint4567_ISR
C:\Users\USUARI~1\AppData\Local\Temp\ccbN7n36.s:2001   .text:000000a4 $a
C:\Users\USUARI~1\AppData\Local\Temp\ccbN7n36.s:2238   .text:000002b0 button_no_pressed
C:\Users\USUARI~1\AppData\Local\Temp\ccbN7n36.s:2125   .text:000001e4 $d
C:\Users\USUARI~1\AppData\Local\Temp\ccbN7n36.s:2133   .text:000001f8 $a
C:\Users\USUARI~1\AppData\Local\Temp\ccbN7n36.s:2136   .text:000001f8 Eint4567_activar
C:\Users\USUARI~1\AppData\Local\Temp\ccbN7n36.s:2182   .text:00000254 $d
C:\Users\USUARI~1\AppData\Local\Temp\ccbN7n36.s:2188   .text:00000260 $a
C:\Users\USUARI~1\AppData\Local\Temp\ccbN7n36.s:2191   .text:00000260 Eint4567_desactivar
C:\Users\USUARI~1\AppData\Local\Temp\ccbN7n36.s:2229   .text:000002a4 $d
C:\Users\USUARI~1\AppData\Local\Temp\ccbN7n36.s:2235   .text:000002b0 $a
C:\Users\USUARI~1\AppData\Local\Temp\ccbN7n36.s:2277   .text:000002f8 $d
                     .debug_frame:00000010 $d

UNDEFINED SYMBOLS
D8Led_symbol
DelayMs
st
kread
