   1              		.cpu arm7tdmi
   2              		.fpu softvfp
   3              		.eabi_attribute 20, 1
   4              		.eabi_attribute 21, 1
   5              		.eabi_attribute 23, 3
   6              		.eabi_attribute 24, 1
   7              		.eabi_attribute 25, 1
   8              		.eabi_attribute 26, 1
   9              		.eabi_attribute 30, 6
  10              		.eabi_attribute 18, 4
  11              		.file	"button.c"
  21              	.Ltext0:
  22              		.file 1 "../button.c"
 1951              		.align	2
 1952              		.global	Eint4567_init
 1954              	Eint4567_init:
 1955              	.LFB0:
   1:../button.c   **** #include "44blib.h"
   2:../button.c   **** #include "44b.h"
   3:../button.c   **** #include "def.h"
   4:../button.c   **** 
   5:../button.c   **** void Eint4567_ISR(void) __attribute__ ((interrupt ("IRQ")));
   6:../button.c   **** void Eint4567_init(void);
   7:../button.c   **** extern int button_no_pressed();
   8:../button.c   **** 
   9:../button.c   **** extern key;
  10:../button.c   **** extern st;
  11:../button.c   **** 
  12:../button.c   **** 
  13:../button.c   **** void Eint4567_init(void) {
 1956              		.loc 1 13 0
 1957              		.cfi_startproc
 1958              		@ Function supports interworking.
 1959              		@ args = 0, pretend = 0, frame = 0
 1960              		@ frame_needed = 1, uses_anonymous_args = 0
 1961 0000 0DC0A0E1 		mov	ip, sp
 1962              	.LCFI0:
 1963              		.cfi_def_cfa_register 12
 1964 0004 00D82DE9 		stmfd	sp!, {fp, ip, lr, pc}
 1965 0008 04B04CE2 		sub	fp, ip, #4
 1966              		.cfi_offset 14, -8
 1967              		.cfi_offset 13, -12
 1968              		.cfi_offset 11, -16
 1969              	.LCFI1:
 1970              		.cfi_def_cfa 11, 4
  14:../button.c   **** 	/* Configuracion del controlador de interrupciones */
  15:../button.c   **** 		//Borrar interrupciones pendientes.
  16:../button.c   **** 		rI_ISPC = BIT_EINT4567;
 1971              		.loc 1 16 0
 1972 000c 74309FE5 		ldr	r3, .L2
 1973 0010 0226A0E3 		mov	r2, #2097152
 1974 0014 002083E5 		str	r2, [r3, #0]
  17:../button.c   **** 		rEXTINTPND = 0xf;
 1975              		.loc 1 17 0
 1976 0018 6C309FE5 		ldr	r3, .L2+4
 1977 001c 0F20A0E3 		mov	r2, #15
 1978 0020 002083E5 		str	r2, [r3, #0]
  18:../button.c   **** 
  19:../button.c   **** 		// Establecer la rutina de servicio para Eint4567
  20:../button.c   **** 	    pISR_EINT4567 = (unsigned)Eint4567_ISR;
 1979              		.loc 1 20 0
 1980 0024 64309FE5 		ldr	r3, .L2+8
 1981 0028 64209FE5 		ldr	r2, .L2+12
 1982 002c 002083E5 		str	r2, [r3, #0]
  21:../button.c   **** 
  22:../button.c   **** 	/* Configuracion del puerto G */
  23:../button.c   **** 		// Establece la funcion de los pines (EINT7-EINT0)
  24:../button.c   **** 		rPCONG = rPCONG | (0xF000);
 1983              		.loc 1 24 0
 1984 0030 60309FE5 		ldr	r3, .L2+16
 1985 0034 5C209FE5 		ldr	r2, .L2+16
 1986 0038 002092E5 		ldr	r2, [r2, #0]
 1987 003c 0F2A82E3 		orr	r2, r2, #61440
 1988 0040 002083E5 		str	r2, [r3, #0]
  25:../button.c   **** 
  26:../button.c   **** 		//Habilita las resistencias de pull-up
  27:../button.c   **** 		rPUPG = 0x0;
 1989              		.loc 1 27 0
 1990 0044 50309FE5 		ldr	r3, .L2+20
 1991 0048 0020A0E3 		mov	r2, #0
 1992 004c 002083E5 		str	r2, [r3, #0]
  28:../button.c   **** 
  29:../button.c   **** 		// Configura las lineas de int. como de flanco de bajada mediante EXTINT
  30:../button.c   **** 		rEXTINT = rEXTINT | 0x33000000;
 1993              		.loc 1 30 0
 1994 0050 48309FE5 		ldr	r3, .L2+24
 1995 0054 44209FE5 		ldr	r2, .L2+24
 1996 0058 002092E5 		ldr	r2, [r2, #0]
 1997 005c 332482E3 		orr	r2, r2, #855638016
 1998 0060 002083E5 		str	r2, [r3, #0]
  31:../button.c   **** 
  32:../button.c   **** 	/* Por precaucion, se vuelven a borrar los bits de INTPND y EXTINTPND */
  33:../button.c   **** 	    rEXTINTPND = 0xf;
 1999              		.loc 1 33 0
 2000 0064 20309FE5 		ldr	r3, .L2+4
 2001 0068 0F20A0E3 		mov	r2, #15
 2002 006c 002083E5 		str	r2, [r3, #0]
  34:../button.c   **** 	    rI_ISPC = BIT_EINT4567;
 2003              		.loc 1 34 0
 2004 0070 10309FE5 		ldr	r3, .L2
 2005 0074 0226A0E3 		mov	r2, #2097152
 2006 0078 002083E5 		str	r2, [r3, #0]
  35:../button.c   **** }
 2007              		.loc 1 35 0
 2008 007c 0CD04BE2 		sub	sp, fp, #12
 2009 0080 00689DE8 		ldmfd	sp, {fp, sp, lr}
 2010 0084 1EFF2FE1 		bx	lr
 2011              	.L3:
 2012              		.align	2
 2013              	.L2:
 2014 0088 2400E001 		.word	31457316
 2015 008c 5400D201 		.word	30539860
 2016 0090 74FF7F0C 		.word	209715060
 2017 0094 00000000 		.word	Eint4567_ISR
 2018 0098 4000D201 		.word	30539840
 2019 009c 4800D201 		.word	30539848
 2020 00a0 5000D201 		.word	30539856
 2021              		.cfi_endproc
 2022              	.LFE0:
 2024              		.align	2
 2025              		.global	Eint4567_ISR
 2027              	Eint4567_ISR:
 2028              	.LFB1:
  36:../button.c   **** 
  37:../button.c   **** 
  38:../button.c   **** void Eint4567_ISR(void)
  39:../button.c   **** {
 2029              		.loc 1 39 0
 2030              		.cfi_startproc
 2031              		@ Interrupt Service Routine.
 2032              		@ args = 0, pretend = 0, frame = 8
 2033              		@ frame_needed = 1, uses_anonymous_args = 0
 2034 00a4 04C02DE5 		str	ip, [sp, #-4]!
 2035 00a8 0DC0A0E1 		mov	ip, sp
 2036              	.LCFI2:
 2037              		.cfi_def_cfa_register 12
 2038 00ac 0FD82DE9 		stmfd	sp!, {r0, r1, r2, r3, fp, ip, lr, pc}
 2039 00b0 04B04CE2 		sub	fp, ip, #4
 2040              		.cfi_offset 14, -8
 2041              		.cfi_offset 13, -12
 2042              		.cfi_offset 11, -16
 2043              		.cfi_offset 3, -20
 2044              		.cfi_offset 2, -24
 2045              		.cfi_offset 1, -28
 2046              		.cfi_offset 0, -32
 2047              	.LCFI3:
 2048              		.cfi_def_cfa 11, 4
 2049 00b4 08D04DE2 		sub	sp, sp, #8
  40:../button.c   **** 	while(button_no_pressed() != 0);
 2050              		.loc 1 40 0
 2051 00b8 0000A0E1 		mov	r0, r0	@ nop
 2052              	.L5:
 2053              		.loc 1 40 0 is_stmt 0 discriminator 1
 2054 00bc FEFFFFEB 		bl	button_no_pressed
 2055 00c0 0030A0E1 		mov	r3, r0
 2056 00c4 000053E3 		cmp	r3, #0
 2057 00c8 FBFFFF1A 		bne	.L5
  41:../button.c   **** 
  42:../button.c   **** 	int pulsado = rEXTINTPND & 0xC;
 2058              		.loc 1 42 0 is_stmt 1
 2059 00cc 0C319FE5 		ldr	r3, .L8
 2060 00d0 003093E5 		ldr	r3, [r3, #0]
 2061 00d4 0C3003E2 		and	r3, r3, #12
 2062 00d8 20300BE5 		str	r3, [fp, #-32]
  43:../button.c   **** 
  44:../button.c   **** 	char c;
  45:../button.c   **** 	if(pulsado == 4){  //izq -> char I
 2063              		.loc 1 45 0
 2064 00dc 20301BE5 		ldr	r3, [fp, #-32]
 2065 00e0 040053E3 		cmp	r3, #4
 2066 00e4 1700001A 		bne	.L6
 2067              	.LBB2:
  46:../button.c   **** 		key = (key +1)%160;
 2068              		.loc 1 46 0
 2069 00e8 F4309FE5 		ldr	r3, .L8+4
 2070 00ec 003093E5 		ldr	r3, [r3, #0]
 2071 00f0 011083E2 		add	r1, r3, #1
 2072 00f4 EC309FE5 		ldr	r3, .L8+8
 2073 00f8 9123C3E0 		smull	r2, r3, r1, r3
 2074 00fc 4323A0E1 		mov	r2, r3, asr #6
 2075 0100 C13FA0E1 		mov	r3, r1, asr #31
 2076 0104 022063E0 		rsb	r2, r3, r2
 2077 0108 0230A0E1 		mov	r3, r2
 2078 010c 0331A0E1 		mov	r3, r3, asl #2
 2079 0110 023083E0 		add	r3, r3, r2
 2080 0114 8332A0E1 		mov	r3, r3, asl #5
 2081 0118 012063E0 		rsb	r2, r3, r1
 2082 011c C0309FE5 		ldr	r3, .L8+4
 2083 0120 002083E5 		str	r2, [r3, #0]
  47:../button.c   **** 		Uart_SendByte0(key);
 2084              		.loc 1 47 0
 2085 0124 B8309FE5 		ldr	r3, .L8+4
 2086 0128 003093E5 		ldr	r3, [r3, #0]
 2087 012c 0300A0E1 		mov	r0, r3
 2088 0130 FEFFFFEB 		bl	Uart_SendByte0
  48:../button.c   **** 		Uart_SendByte1(key);
 2089              		.loc 1 48 0
 2090 0134 A8309FE5 		ldr	r3, .L8+4
 2091 0138 003093E5 		ldr	r3, [r3, #0]
 2092 013c 0300A0E1 		mov	r0, r3
 2093 0140 FEFFFFEB 		bl	Uart_SendByte1
 2094 0144 190000EA 		b	.L7
 2095              	.L6:
 2096              	.LBE2:
  49:../button.c   **** 
  50:../button.c   **** 		//D8Led_symbol(1);
  51:../button.c   **** 	} else if(pulsado == 8) { //dcha -> char D
 2097              		.loc 1 51 0
 2098 0148 20301BE5 		ldr	r3, [fp, #-32]
 2099 014c 080053E3 		cmp	r3, #8
 2100 0150 1600001A 		bne	.L7
 2101              	.LBB3:
  52:../button.c   **** 		key = (key -1)%160;
 2102              		.loc 1 52 0
 2103 0154 88309FE5 		ldr	r3, .L8+4
 2104 0158 003093E5 		ldr	r3, [r3, #0]
 2105 015c 011043E2 		sub	r1, r3, #1
 2106 0160 80309FE5 		ldr	r3, .L8+8
 2107 0164 9123C3E0 		smull	r2, r3, r1, r3
 2108 0168 4323A0E1 		mov	r2, r3, asr #6
 2109 016c C13FA0E1 		mov	r3, r1, asr #31
 2110 0170 022063E0 		rsb	r2, r3, r2
 2111 0174 0230A0E1 		mov	r3, r2
 2112 0178 0331A0E1 		mov	r3, r3, asl #2
 2113 017c 023083E0 		add	r3, r3, r2
 2114 0180 8332A0E1 		mov	r3, r3, asl #5
 2115 0184 012063E0 		rsb	r2, r3, r1
 2116 0188 54309FE5 		ldr	r3, .L8+4
 2117 018c 002083E5 		str	r2, [r3, #0]
  53:../button.c   **** 
  54:../button.c   **** 		Uart_SendByte0(key);
 2118              		.loc 1 54 0
 2119 0190 4C309FE5 		ldr	r3, .L8+4
 2120 0194 003093E5 		ldr	r3, [r3, #0]
 2121 0198 0300A0E1 		mov	r0, r3
 2122 019c FEFFFFEB 		bl	Uart_SendByte0
  55:../button.c   **** 		Uart_SendByte1(key);
 2123              		.loc 1 55 0
 2124 01a0 3C309FE5 		ldr	r3, .L8+4
 2125 01a4 003093E5 		ldr	r3, [r3, #0]
 2126 01a8 0300A0E1 		mov	r0, r3
 2127 01ac FEFFFFEB 		bl	Uart_SendByte1
 2128              	.L7:
 2129              	.LBE3:
  56:../button.c   **** 		//D8Led_symbol(2);
  57:../button.c   **** 	}
  58:../button.c   **** 
  59:../button.c   **** 	//Delay para eliminar rebotes
  60:../button.c   **** 	DelayMs(100);
 2130              		.loc 1 60 0
 2131 01b0 6400A0E3 		mov	r0, #100
 2132 01b4 FEFFFFEB 		bl	DelayMs
  61:../button.c   **** 
  62:../button.c   **** 	/*Atendemos interrupciones*/
  63:../button.c   **** 	//Borramos EXTINTPND ambas líneas EINT7 y EINT6
  64:../button.c   **** 	rEXTINTPND = 0xf; //((1<<2) | (1<<3));
 2133              		.loc 1 64 0
 2134 01b8 20309FE5 		ldr	r3, .L8
 2135 01bc 0F20A0E3 		mov	r2, #15
 2136 01c0 002083E5 		str	r2, [r3, #0]
  65:../button.c   **** 
  66:../button.c   **** 	//Borramos INTPND usando ISPC
  67:../button.c   **** 	rI_ISPC = BIT_EINT4567;
 2137              		.loc 1 67 0
 2138 01c4 20309FE5 		ldr	r3, .L8+12
 2139 01c8 0226A0E3 		mov	r2, #2097152
 2140 01cc 002083E5 		str	r2, [r3, #0]
  68:../button.c   **** }
 2141              		.loc 1 68 0
 2142 01d0 1CD04BE2 		sub	sp, fp, #28
 2143 01d4 0F689DE8 		ldmfd	sp, {r0, r1, r2, r3, fp, sp, lr}
 2144 01d8 04C09DE4 		ldmfd	sp!, {ip}
 2145 01dc 04F05EE2 		subs	pc, lr, #4
 2146              	.L9:
 2147              		.align	2
 2148              	.L8:
 2149 01e0 5400D201 		.word	30539860
 2150 01e4 00000000 		.word	key
 2151 01e8 67666666 		.word	1717986919
 2152 01ec 2400E001 		.word	31457316
 2153              		.cfi_endproc
 2154              	.LFE1:
 2156              		.align	2
 2157              		.global	Eint4567_activar
 2159              	Eint4567_activar:
 2160              	.LFB2:
  69:../button.c   **** 
  70:../button.c   **** 
  71:../button.c   **** void Eint4567_activar(void){
 2161              		.loc 1 71 0
 2162              		.cfi_startproc
 2163              		@ Function supports interworking.
 2164              		@ args = 0, pretend = 0, frame = 0
 2165              		@ frame_needed = 1, uses_anonymous_args = 0
 2166 01f0 0DC0A0E1 		mov	ip, sp
 2167              	.LCFI4:
 2168              		.cfi_def_cfa_register 12
 2169 01f4 00D82DE9 		stmfd	sp!, {fp, ip, lr, pc}
 2170 01f8 04B04CE2 		sub	fp, ip, #4
 2171              		.cfi_offset 14, -8
 2172              		.cfi_offset 13, -12
 2173              		.cfi_offset 11, -16
 2174              	.LCFI5:
 2175              		.cfi_def_cfa 11, 4
  72:../button.c   **** 	//borrar interrupciones pendientes
  73:../button.c   **** 	rEXTINTPND = 0xf;
 2176              		.loc 1 73 0
 2177 01fc 48309FE5 		ldr	r3, .L11
 2178 0200 0F20A0E3 		mov	r2, #15
 2179 0204 002083E5 		str	r2, [r3, #0]
  74:../button.c   **** 	rI_ISPC = BIT_EINT4567;
 2180              		.loc 1 74 0
 2181 0208 40309FE5 		ldr	r3, .L11+4
 2182 020c 0226A0E3 		mov	r2, #2097152
 2183 0210 002083E5 		str	r2, [r3, #0]
  75:../button.c   **** 
  76:../button.c   **** 	//enmascarar la linea de interrupcion
  77:../button.c   **** 	rINTMSK = rINTMSK & ~( BIT_EINT4567 );
 2184              		.loc 1 77 0
 2185 0214 38309FE5 		ldr	r3, .L11+8
 2186 0218 34209FE5 		ldr	r2, .L11+8
 2187 021c 002092E5 		ldr	r2, [r2, #0]
 2188 0220 0226C2E3 		bic	r2, r2, #2097152
 2189 0224 002083E5 		str	r2, [r3, #0]
  78:../button.c   **** 
  79:../button.c   **** 	//borrar interrupciones pendientes
  80:../button.c   **** 	rEXTINTPND = 0xf;
 2190              		.loc 1 80 0
 2191 0228 1C309FE5 		ldr	r3, .L11
 2192 022c 0F20A0E3 		mov	r2, #15
 2193 0230 002083E5 		str	r2, [r3, #0]
  81:../button.c   **** 	rI_ISPC = BIT_EINT4567;
 2194              		.loc 1 81 0
 2195 0234 14309FE5 		ldr	r3, .L11+4
 2196 0238 0226A0E3 		mov	r2, #2097152
 2197 023c 002083E5 		str	r2, [r3, #0]
  82:../button.c   **** }
 2198              		.loc 1 82 0
 2199 0240 0CD04BE2 		sub	sp, fp, #12
 2200 0244 00689DE8 		ldmfd	sp, {fp, sp, lr}
 2201 0248 1EFF2FE1 		bx	lr
 2202              	.L12:
 2203              		.align	2
 2204              	.L11:
 2205 024c 5400D201 		.word	30539860
 2206 0250 2400E001 		.word	31457316
 2207 0254 0C00E001 		.word	31457292
 2208              		.cfi_endproc
 2209              	.LFE2:
 2211              		.align	2
 2212              		.global	Eint4567_desactivar
 2214              	Eint4567_desactivar:
 2215              	.LFB3:
  83:../button.c   **** 
  84:../button.c   **** 
  85:../button.c   **** void Eint4567_desactivar(void){
 2216              		.loc 1 85 0
 2217              		.cfi_startproc
 2218              		@ Function supports interworking.
 2219              		@ args = 0, pretend = 0, frame = 0
 2220              		@ frame_needed = 1, uses_anonymous_args = 0
 2221 0258 0DC0A0E1 		mov	ip, sp
 2222              	.LCFI6:
 2223              		.cfi_def_cfa_register 12
 2224 025c 00D82DE9 		stmfd	sp!, {fp, ip, lr, pc}
 2225 0260 04B04CE2 		sub	fp, ip, #4
 2226              		.cfi_offset 14, -8
 2227              		.cfi_offset 13, -12
 2228              		.cfi_offset 11, -16
 2229              	.LCFI7:
 2230              		.cfi_def_cfa 11, 4
  86:../button.c   **** 	//desenmarcarar la linea de interrupcion
  87:../button.c   **** 	rINTMSK = rINTMSK | BIT_EINT4567;
 2231              		.loc 1 87 0
 2232 0264 30309FE5 		ldr	r3, .L14
 2233 0268 2C209FE5 		ldr	r2, .L14
 2234 026c 002092E5 		ldr	r2, [r2, #0]
 2235 0270 022682E3 		orr	r2, r2, #2097152
 2236 0274 002083E5 		str	r2, [r3, #0]
  88:../button.c   **** 
  89:../button.c   **** 	//borrar interrupciones pendientes
  90:../button.c   **** 	rEXTINTPND = 0xf;
 2237              		.loc 1 90 0
 2238 0278 20309FE5 		ldr	r3, .L14+4
 2239 027c 0F20A0E3 		mov	r2, #15
 2240 0280 002083E5 		str	r2, [r3, #0]
  91:../button.c   **** 	rI_ISPC = BIT_EINT4567;
 2241              		.loc 1 91 0
 2242 0284 18309FE5 		ldr	r3, .L14+8
 2243 0288 0226A0E3 		mov	r2, #2097152
 2244 028c 002083E5 		str	r2, [r3, #0]
  92:../button.c   **** }
 2245              		.loc 1 92 0
 2246 0290 0CD04BE2 		sub	sp, fp, #12
 2247 0294 00689DE8 		ldmfd	sp, {fp, sp, lr}
 2248 0298 1EFF2FE1 		bx	lr
 2249              	.L15:
 2250              		.align	2
 2251              	.L14:
 2252 029c 0C00E001 		.word	31457292
 2253 02a0 5400D201 		.word	30539860
 2254 02a4 2400E001 		.word	31457316
 2255              		.cfi_endproc
 2256              	.LFE3:
 2258              		.align	2
 2259              		.global	button_no_pressed
 2261              	button_no_pressed:
 2262              	.LFB4:
  93:../button.c   **** 
  94:../button.c   **** 
  95:../button.c   **** int button_no_pressed(){
 2263              		.loc 1 95 0
 2264              		.cfi_startproc
 2265              		@ Function supports interworking.
 2266              		@ args = 0, pretend = 0, frame = 8
 2267              		@ frame_needed = 1, uses_anonymous_args = 0
 2268 02a8 0DC0A0E1 		mov	ip, sp
 2269              	.LCFI8:
 2270              		.cfi_def_cfa_register 12
 2271 02ac 00D82DE9 		stmfd	sp!, {fp, ip, lr, pc}
 2272 02b0 04B04CE2 		sub	fp, ip, #4
 2273              		.cfi_offset 14, -8
 2274              		.cfi_offset 13, -12
 2275              		.cfi_offset 11, -16
 2276              	.LCFI9:
 2277              		.cfi_def_cfa 11, 4
 2278 02b4 08D04DE2 		sub	sp, sp, #8
  96:../button.c   **** 	UINT r = ~ ( rPDATG | ~ 0xC0 );
 2279              		.loc 1 96 0
 2280 02b8 30309FE5 		ldr	r3, .L17
 2281 02bc 003093E5 		ldr	r3, [r3, #0]
 2282 02c0 0330E0E1 		mvn	r3, r3
 2283 02c4 C03003E2 		and	r3, r3, #192
 2284 02c8 0330E0E1 		mvn	r3, r3
 2285 02cc 0330E0E1 		mvn	r3, r3
 2286 02d0 10300BE5 		str	r3, [fp, #-16]
  97:../button.c   **** 	DelayMs(100);
 2287              		.loc 1 97 0
 2288 02d4 6400A0E3 		mov	r0, #100
 2289 02d8 FEFFFFEB 		bl	DelayMs
  98:../button.c   **** 	return r;
 2290              		.loc 1 98 0
 2291 02dc 10301BE5 		ldr	r3, [fp, #-16]
  99:../button.c   **** }
 2292              		.loc 1 99 0
 2293 02e0 0300A0E1 		mov	r0, r3
 2294 02e4 0CD04BE2 		sub	sp, fp, #12
 2295 02e8 00689DE8 		ldmfd	sp, {fp, sp, lr}
 2296 02ec 1EFF2FE1 		bx	lr
 2297              	.L18:
 2298              		.align	2
 2299              	.L17:
 2300 02f0 4400D201 		.word	30539844
 2301              		.cfi_endproc
 2302              	.LFE4:
 2304              	.Letext0:
DEFINED SYMBOLS
                            *ABS*:00000000 button.c
C:\Users\USUARI~1\AppData\Local\Temp\ccMBIsSK.s:1951   .text:00000000 $a
C:\Users\USUARI~1\AppData\Local\Temp\ccMBIsSK.s:1954   .text:00000000 Eint4567_init
C:\Users\USUARI~1\AppData\Local\Temp\ccMBIsSK.s:2014   .text:00000088 $d
C:\Users\USUARI~1\AppData\Local\Temp\ccMBIsSK.s:2027   .text:000000a4 Eint4567_ISR
C:\Users\USUARI~1\AppData\Local\Temp\ccMBIsSK.s:2024   .text:000000a4 $a
C:\Users\USUARI~1\AppData\Local\Temp\ccMBIsSK.s:2261   .text:000002a8 button_no_pressed
C:\Users\USUARI~1\AppData\Local\Temp\ccMBIsSK.s:2149   .text:000001e0 $d
C:\Users\USUARI~1\AppData\Local\Temp\ccMBIsSK.s:2156   .text:000001f0 $a
C:\Users\USUARI~1\AppData\Local\Temp\ccMBIsSK.s:2159   .text:000001f0 Eint4567_activar
C:\Users\USUARI~1\AppData\Local\Temp\ccMBIsSK.s:2205   .text:0000024c $d
C:\Users\USUARI~1\AppData\Local\Temp\ccMBIsSK.s:2211   .text:00000258 $a
C:\Users\USUARI~1\AppData\Local\Temp\ccMBIsSK.s:2214   .text:00000258 Eint4567_desactivar
C:\Users\USUARI~1\AppData\Local\Temp\ccMBIsSK.s:2252   .text:0000029c $d
C:\Users\USUARI~1\AppData\Local\Temp\ccMBIsSK.s:2258   .text:000002a8 $a
C:\Users\USUARI~1\AppData\Local\Temp\ccMBIsSK.s:2300   .text:000002f0 $d
                     .debug_frame:00000010 $d

UNDEFINED SYMBOLS
Uart_SendByte0
Uart_SendByte1
DelayMs
key
